
*** Running vivado
    with args -log lab1.vds -m64 -product Vivado -mode batch -messageDb vivado.pb -notrace -source lab1.tcl



****** Vivado v2024.2 (64-bit)
  **** SW Build 5239630 on Fri Nov 08 22:35:27 MST 2024
  **** IP Build 5239520 on Sun Nov 10 16:12:51 MST 2024
  **** SharedData Build 5239561 on Fri Nov 08 14:39:27 MST 2024
  **** Start of session at: Mon Jan 27 21:55:36 2025
    ** Copyright 1986-2022 Xilinx, Inc. All Rights Reserved.
    ** Copyright 2022-2024 Advanced Micro Devices, Inc. All Rights Reserved.

source lab1.tcl -notrace
Command: read_checkpoint -auto_incremental -incremental C:/Users/Grantham.Zimmerman/Desktop/ece383/ece383-lab1/ece383-lab1.srcs/utils_1/imports/synth_1/lab1.dcp
INFO: [Vivado 12-5825] Read reference checkpoint from C:/Users/Grantham.Zimmerman/Desktop/ece383/ece383-lab1/ece383-lab1.srcs/utils_1/imports/synth_1/lab1.dcp for incremental synthesis
INFO: [Vivado 12-7989] Please ensure there are no constraint changes
Command: synth_design -top lab1 -part xc7a200tsbg484-1
Starting synth_design
Attempting to get a license for feature 'Synthesis' and/or device 'xc7a200t'
INFO: [Common 17-349] Got license for feature 'Synthesis' and/or device 'xc7a200t'
INFO: [Device 21-403] Loading part xc7a200tsbg484-1
INFO: [Designutils 20-5440] No compile time benefit to using incremental synthesis; A full resynthesis will be run
INFO: [Designutils 20-4379] Flow is switching to default flow due to incremental criteria not met. If you would like to alter this behaviour and have the flow terminate instead, please set the following parameter config_implementation {autoIncr.Synth.RejectBehavior Terminate}
INFO: [Synth 8-7079] Multithreading enabled for synth_design using a maximum of 2 processes.
INFO: [Synth 8-7078] Launching helper process for spawning children vivado processes
INFO: [Synth 8-7075] Helper process launched with PID 21716
---------------------------------------------------------------------------------
Starting RTL Elaboration : Time (s): cpu = 00:00:03 ; elapsed = 00:00:06 . Memory (MB): peak = 1012.336 ; gain = 469.324
---------------------------------------------------------------------------------
INFO: [Synth 8-638] synthesizing module 'lab1' [C:/Users/Grantham.Zimmerman/Desktop/ece383/ece383-lab1/ece383-lab1.srcs/sources_1/imports/lab1_cadet_code/lab1.vhdl:18]
INFO: [Synth 8-3491] module 'video' declared at 'C:/Users/Grantham.Zimmerman/Desktop/ece383/ece383-lab1/ece383-lab1.srcs/sources_1/imports/lab1_cadet_code/video.vhdl:10' bound to instance 'video_inst' of component 'video' [C:/Users/Grantham.Zimmerman/Desktop/ece383/ece383-lab1/ece383-lab1.srcs/sources_1/imports/lab1_cadet_code/lab1.vhdl:55]
INFO: [Synth 8-638] synthesizing module 'video' [C:/Users/Grantham.Zimmerman/Desktop/ece383/ece383-lab1/ece383-lab1.srcs/sources_1/imports/lab1_cadet_code/video.vhdl:25]
INFO: [Synth 8-3491] module 'clk_wiz_0' declared at 'C:/Users/Grantham.Zimmerman/Desktop/ece383/ece383-lab1/ece383-lab1.runs/synth_1/.Xil/Vivado-26068-C26-5CG2151LB4/realtime/clk_wiz_0_stub.vhdl:6' bound to instance 'mmcm_adv_inst_display_clocks' of component 'clk_wiz_0' [C:/Users/Grantham.Zimmerman/Desktop/ece383/ece383-lab1/ece383-lab1.srcs/sources_1/imports/lab1_cadet_code/video.vhdl:69]
INFO: [Synth 8-638] synthesizing module 'clk_wiz_0' [C:/Users/Grantham.Zimmerman/Desktop/ece383/ece383-lab1/ece383-lab1.runs/synth_1/.Xil/Vivado-26068-C26-5CG2151LB4/realtime/clk_wiz_0_stub.vhdl:19]
INFO: [Synth 8-3491] module 'VGA' declared at 'C:/Users/Grantham.Zimmerman/Desktop/ece383/ece383-lab1/ece383-lab1.srcs/sources_1/new/VGA.vhd:34' bound to instance 'Inst_vga' of component 'vga' [C:/Users/Grantham.Zimmerman/Desktop/ece383/ece383-lab1/ece383-lab1.srcs/sources_1/imports/lab1_cadet_code/video.vhdl:80]
INFO: [Synth 8-638] synthesizing module 'VGA' [C:/Users/Grantham.Zimmerman/Desktop/ece383/ece383-lab1/ece383-lab1.srcs/sources_1/new/VGA.vhd:53]
	Parameter pixel_width bound to: 896 - type: integer 
INFO: [Synth 8-3491] module 'counter' declared at 'C:/Users/Grantham.Zimmerman/Desktop/ece383/ece383-lab1/ece383-lab1.srcs/sources_1/imports/new/counter1.vhd:34' bound to instance 'uut1' of component 'counter' [C:/Users/Grantham.Zimmerman/Desktop/ece383/ece383-lab1/ece383-lab1.srcs/sources_1/new/VGA.vhd:96]
INFO: [Synth 8-638] synthesizing module 'counter' [C:/Users/Grantham.Zimmerman/Desktop/ece383/ece383-lab1/ece383-lab1.srcs/sources_1/imports/new/counter1.vhd:43]
	Parameter pixel_width bound to: 896 - type: integer 
INFO: [Synth 8-256] done synthesizing module 'counter' (0#1) [C:/Users/Grantham.Zimmerman/Desktop/ece383/ece383-lab1/ece383-lab1.srcs/sources_1/imports/new/counter1.vhd:43]
	Parameter pixel_width bound to: 527 - type: integer 
INFO: [Synth 8-3491] module 'counter' declared at 'C:/Users/Grantham.Zimmerman/Desktop/ece383/ece383-lab1/ece383-lab1.srcs/sources_1/imports/new/counter1.vhd:34' bound to instance 'uut2' of component 'counter' [C:/Users/Grantham.Zimmerman/Desktop/ece383/ece383-lab1/ece383-lab1.srcs/sources_1/new/VGA.vhd:105]
INFO: [Synth 8-638] synthesizing module 'counter__parameterized1' [C:/Users/Grantham.Zimmerman/Desktop/ece383/ece383-lab1/ece383-lab1.srcs/sources_1/imports/new/counter1.vhd:43]
	Parameter pixel_width bound to: 527 - type: integer 
INFO: [Synth 8-256] done synthesizing module 'counter__parameterized1' (0#1) [C:/Users/Grantham.Zimmerman/Desktop/ece383/ece383-lab1/ece383-lab1.srcs/sources_1/imports/new/counter1.vhd:43]
INFO: [Synth 8-3491] module 'scopeFace' declared at 'C:/Users/Grantham.Zimmerman/Desktop/ece383/ece383-lab1/ece383-lab1.srcs/sources_1/imports/lab1_cadet_code/scopeface.vhd:10' bound to instance 'uut3' of component 'scopeFace' [C:/Users/Grantham.Zimmerman/Desktop/ece383/ece383-lab1/ece383-lab1.srcs/sources_1/new/VGA.vhd:114]
INFO: [Synth 8-638] synthesizing module 'scopeFace' [C:/Users/Grantham.Zimmerman/Desktop/ece383/ece383-lab1/ece383-lab1.srcs/sources_1/imports/lab1_cadet_code/scopeface.vhd:24]
INFO: [Synth 8-256] done synthesizing module 'scopeFace' (0#1) [C:/Users/Grantham.Zimmerman/Desktop/ece383/ece383-lab1/ece383-lab1.srcs/sources_1/imports/lab1_cadet_code/scopeface.vhd:24]
INFO: [Synth 8-3491] module 'synchronize' declared at 'C:/Users/Grantham.Zimmerman/Desktop/ece383/ece383-lab1/ece383-lab1.srcs/sources_1/new/synchronize.vhd:34' bound to instance 'uut4' of component 'synchronize' [C:/Users/Grantham.Zimmerman/Desktop/ece383/ece383-lab1/ece383-lab1.srcs/sources_1/new/VGA.vhd:129]
INFO: [Synth 8-638] synthesizing module 'synchronize' [C:/Users/Grantham.Zimmerman/Desktop/ece383/ece383-lab1/ece383-lab1.srcs/sources_1/new/synchronize.vhd:46]
INFO: [Synth 8-256] done synthesizing module 'synchronize' (0#1) [C:/Users/Grantham.Zimmerman/Desktop/ece383/ece383-lab1/ece383-lab1.srcs/sources_1/new/synchronize.vhd:46]
INFO: [Synth 8-256] done synthesizing module 'VGA' (0#1) [C:/Users/Grantham.Zimmerman/Desktop/ece383/ece383-lab1/ece383-lab1.srcs/sources_1/new/VGA.vhd:53]
INFO: [Synth 8-638] synthesizing module 'dvid' [C:/Users/Grantham.Zimmerman/Desktop/ece383/ece383-lab1/ece383-lab1.srcs/sources_1/imports/lab1_cadet_code/dvid.vhdl:31]
INFO: [Synth 8-3491] module 'TDMS_encoder' declared at 'C:/Users/Grantham.Zimmerman/Desktop/ece383/ece383-lab1/ece383-lab1.srcs/sources_1/imports/lab1_cadet_code/tdms.vhdl:14' bound to instance 'TDMS_encoder_red' of component 'TDMS_encoder' [C:/Users/Grantham.Zimmerman/Desktop/ece383/ece383-lab1/ece383-lab1.srcs/sources_1/imports/lab1_cadet_code/dvid.vhdl:56]
INFO: [Synth 8-638] synthesizing module 'TDMS_encoder' [C:/Users/Grantham.Zimmerman/Desktop/ece383/ece383-lab1/ece383-lab1.srcs/sources_1/imports/lab1_cadet_code/tdms.vhdl:22]
INFO: [Synth 8-256] done synthesizing module 'TDMS_encoder' (0#1) [C:/Users/Grantham.Zimmerman/Desktop/ece383/ece383-lab1/ece383-lab1.srcs/sources_1/imports/lab1_cadet_code/tdms.vhdl:22]
INFO: [Synth 8-3491] module 'TDMS_encoder' declared at 'C:/Users/Grantham.Zimmerman/Desktop/ece383/ece383-lab1/ece383-lab1.srcs/sources_1/imports/lab1_cadet_code/tdms.vhdl:14' bound to instance 'TDMS_encoder_green' of component 'TDMS_encoder' [C:/Users/Grantham.Zimmerman/Desktop/ece383/ece383-lab1/ece383-lab1.srcs/sources_1/imports/lab1_cadet_code/dvid.vhdl:57]
INFO: [Synth 8-3491] module 'TDMS_encoder' declared at 'C:/Users/Grantham.Zimmerman/Desktop/ece383/ece383-lab1/ece383-lab1.srcs/sources_1/imports/lab1_cadet_code/tdms.vhdl:14' bound to instance 'TDMS_encoder_blue' of component 'TDMS_encoder' [C:/Users/Grantham.Zimmerman/Desktop/ece383/ece383-lab1/ece383-lab1.srcs/sources_1/imports/lab1_cadet_code/dvid.vhdl:58]
	Parameter DDR_ALIGNMENT bound to: C0 - type: string 
	Parameter INIT bound to: 1'b0 
	Parameter SRTYPE bound to: ASYNC - type: string 
INFO: [Synth 8-113] binding component instance 'ODDR2_red' to cell 'ODDR2' [C:/Users/Grantham.Zimmerman/Desktop/ece383/ece383-lab1/ece383-lab1.srcs/sources_1/imports/lab1_cadet_code/dvid.vhdl:60]
	Parameter DDR_ALIGNMENT bound to: C0 - type: string 
	Parameter INIT bound to: 1'b0 
	Parameter SRTYPE bound to: ASYNC - type: string 
INFO: [Synth 8-113] binding component instance 'ODDR2_green' to cell 'ODDR2' [C:/Users/Grantham.Zimmerman/Desktop/ece383/ece383-lab1/ece383-lab1.srcs/sources_1/imports/lab1_cadet_code/dvid.vhdl:63]
	Parameter DDR_ALIGNMENT bound to: C0 - type: string 
	Parameter INIT bound to: 1'b0 
	Parameter SRTYPE bound to: ASYNC - type: string 
INFO: [Synth 8-113] binding component instance 'ODDR2_blue' to cell 'ODDR2' [C:/Users/Grantham.Zimmerman/Desktop/ece383/ece383-lab1/ece383-lab1.srcs/sources_1/imports/lab1_cadet_code/dvid.vhdl:66]
	Parameter DDR_ALIGNMENT bound to: C0 - type: string 
	Parameter INIT bound to: 1'b0 
	Parameter SRTYPE bound to: ASYNC - type: string 
INFO: [Synth 8-113] binding component instance 'ODDR2_clock' to cell 'ODDR2' [C:/Users/Grantham.Zimmerman/Desktop/ece383/ece383-lab1/ece383-lab1.srcs/sources_1/imports/lab1_cadet_code/dvid.vhdl:69]
INFO: [Synth 8-256] done synthesizing module 'dvid' (0#1) [C:/Users/Grantham.Zimmerman/Desktop/ece383/ece383-lab1/ece383-lab1.srcs/sources_1/imports/lab1_cadet_code/dvid.vhdl:31]
INFO: [Synth 8-113] binding component instance 'OBUFDS_blue' to cell 'OBUFDS' [C:/Users/Grantham.Zimmerman/Desktop/ece383/ece383-lab1/ece383-lab1.srcs/sources_1/imports/lab1_cadet_code/video.vhdl:121]
INFO: [Synth 8-113] binding component instance 'OBUFDS_red' to cell 'OBUFDS' [C:/Users/Grantham.Zimmerman/Desktop/ece383/ece383-lab1/ece383-lab1.srcs/sources_1/imports/lab1_cadet_code/video.vhdl:123]
INFO: [Synth 8-113] binding component instance 'OBUFDS_green' to cell 'OBUFDS' [C:/Users/Grantham.Zimmerman/Desktop/ece383/ece383-lab1/ece383-lab1.srcs/sources_1/imports/lab1_cadet_code/video.vhdl:125]
INFO: [Synth 8-113] binding component instance 'OBUFDS_clock' to cell 'OBUFDS' [C:/Users/Grantham.Zimmerman/Desktop/ece383/ece383-lab1/ece383-lab1.srcs/sources_1/imports/lab1_cadet_code/video.vhdl:127]
INFO: [Synth 8-256] done synthesizing module 'video' (0#1) [C:/Users/Grantham.Zimmerman/Desktop/ece383/ece383-lab1/ece383-lab1.srcs/sources_1/imports/lab1_cadet_code/video.vhdl:25]
INFO: [Synth 8-256] done synthesizing module 'lab1' (0#1) [C:/Users/Grantham.Zimmerman/Desktop/ece383/ece383-lab1/ece383-lab1.srcs/sources_1/imports/lab1_cadet_code/lab1.vhdl:18]
WARNING: [Synth 8-3848] Net is_trigger in module/entity scopeFace does not have driver. [C:/Users/Grantham.Zimmerman/Desktop/ece383/ece383-lab1/ece383-lab1.srcs/sources_1/imports/lab1_cadet_code/scopeface.vhd:36]
WARNING: [Synth 8-3848] Net trigger_time in module/entity lab1 does not have driver. [C:/Users/Grantham.Zimmerman/Desktop/ece383/ece383-lab1/ece383-lab1.srcs/sources_1/imports/lab1_cadet_code/lab1.vhdl:20]
WARNING: [Synth 8-3848] Net trigger_volt in module/entity lab1 does not have driver. [C:/Users/Grantham.Zimmerman/Desktop/ece383/ece383-lab1/ece383-lab1.srcs/sources_1/imports/lab1_cadet_code/lab1.vhdl:20]
WARNING: [Synth 8-3848] Net ch1_wave in module/entity lab1 does not have driver. [C:/Users/Grantham.Zimmerman/Desktop/ece383/ece383-lab1/ece383-lab1.srcs/sources_1/imports/lab1_cadet_code/lab1.vhdl:22]
WARNING: [Synth 8-3848] Net ch2_wave in module/entity lab1 does not have driver. [C:/Users/Grantham.Zimmerman/Desktop/ece383/ece383-lab1/ece383-lab1.srcs/sources_1/imports/lab1_cadet_code/lab1.vhdl:22]
WARNING: [Synth 8-7129] Port trigger_volt[9] in module scopeFace is either unconnected or has no load
WARNING: [Synth 8-7129] Port trigger_volt[8] in module scopeFace is either unconnected or has no load
WARNING: [Synth 8-7129] Port trigger_volt[7] in module scopeFace is either unconnected or has no load
WARNING: [Synth 8-7129] Port trigger_volt[6] in module scopeFace is either unconnected or has no load
WARNING: [Synth 8-7129] Port trigger_volt[5] in module scopeFace is either unconnected or has no load
WARNING: [Synth 8-7129] Port trigger_volt[4] in module scopeFace is either unconnected or has no load
WARNING: [Synth 8-7129] Port trigger_volt[3] in module scopeFace is either unconnected or has no load
WARNING: [Synth 8-7129] Port trigger_volt[2] in module scopeFace is either unconnected or has no load
WARNING: [Synth 8-7129] Port trigger_volt[1] in module scopeFace is either unconnected or has no load
WARNING: [Synth 8-7129] Port trigger_volt[0] in module scopeFace is either unconnected or has no load
WARNING: [Synth 8-7129] Port trigger_time[9] in module scopeFace is either unconnected or has no load
WARNING: [Synth 8-7129] Port trigger_time[8] in module scopeFace is either unconnected or has no load
WARNING: [Synth 8-7129] Port trigger_time[7] in module scopeFace is either unconnected or has no load
WARNING: [Synth 8-7129] Port trigger_time[6] in module scopeFace is either unconnected or has no load
WARNING: [Synth 8-7129] Port trigger_time[5] in module scopeFace is either unconnected or has no load
WARNING: [Synth 8-7129] Port trigger_time[4] in module scopeFace is either unconnected or has no load
WARNING: [Synth 8-7129] Port trigger_time[3] in module scopeFace is either unconnected or has no load
WARNING: [Synth 8-7129] Port trigger_time[2] in module scopeFace is either unconnected or has no load
WARNING: [Synth 8-7129] Port trigger_time[1] in module scopeFace is either unconnected or has no load
WARNING: [Synth 8-7129] Port trigger_time[0] in module scopeFace is either unconnected or has no load
WARNING: [Synth 8-7129] Port ch1_enb in module scopeFace is either unconnected or has no load
WARNING: [Synth 8-7129] Port ch2_enb in module scopeFace is either unconnected or has no load
WARNING: [Synth 8-7129] Port btn[4] in module lab1 is either unconnected or has no load
WARNING: [Synth 8-7129] Port btn[3] in module lab1 is either unconnected or has no load
WARNING: [Synth 8-7129] Port btn[2] in module lab1 is either unconnected or has no load
WARNING: [Synth 8-7129] Port btn[1] in module lab1 is either unconnected or has no load
WARNING: [Synth 8-7129] Port btn[0] in module lab1 is either unconnected or has no load
---------------------------------------------------------------------------------
Finished RTL Elaboration : Time (s): cpu = 00:00:03 ; elapsed = 00:00:08 . Memory (MB): peak = 1121.719 ; gain = 578.707
---------------------------------------------------------------------------------
---------------------------------------------------------------------------------
Start Handling Custom Attributes
---------------------------------------------------------------------------------
---------------------------------------------------------------------------------
Finished Handling Custom Attributes : Time (s): cpu = 00:00:03 ; elapsed = 00:00:08 . Memory (MB): peak = 1121.719 ; gain = 578.707
---------------------------------------------------------------------------------
---------------------------------------------------------------------------------
Finished RTL Optimization Phase 1 : Time (s): cpu = 00:00:03 ; elapsed = 00:00:08 . Memory (MB): peak = 1121.719 ; gain = 578.707
---------------------------------------------------------------------------------
Netlist sorting complete. Time (s): cpu = 00:00:00 ; elapsed = 00:00:00.006 . Memory (MB): peak = 1121.719 ; gain = 0.000
INFO: [Netlist 29-17] Analyzing 8 Unisim elements for replacement
WARNING: [Netlist 29-151] Pin 'C1' on instance 'video_inst/inst_dvid/ODDR2_blue' of cell type 'ODDR2' does not have an equivalent function on the new cell type 'ODDR'. Net 'clk_n' that is connected to this pin will not be connected to the replacement instance.
WARNING: [Netlist 29-151] Pin 'C1' on instance 'video_inst/inst_dvid/ODDR2_clock' of cell type 'ODDR2' does not have an equivalent function on the new cell type 'ODDR'. Net 'clk_n' that is connected to this pin will not be connected to the replacement instance.
WARNING: [Netlist 29-151] Pin 'C1' on instance 'video_inst/inst_dvid/ODDR2_green' of cell type 'ODDR2' does not have an equivalent function on the new cell type 'ODDR'. Net 'clk_n' that is connected to this pin will not be connected to the replacement instance.
WARNING: [Netlist 29-151] Pin 'C1' on instance 'video_inst/inst_dvid/ODDR2_red' of cell type 'ODDR2' does not have an equivalent function on the new cell type 'ODDR'. Net 'clk_n' that is connected to this pin will not be connected to the replacement instance.
INFO: [Netlist 29-28] Unisim Transformation completed in 0 CPU seconds
INFO: [Project 1-570] Preparing netlist for logic optimization

Processing XDC Constraints
Initializing timing engine
Parsing XDC File [c:/Users/Grantham.Zimmerman/Desktop/ece383/ece383-lab1/ece383-lab1.gen/sources_1/ip/clk_wiz_0/clk_wiz_0/clk_wiz_0_in_context.xdc] for cell 'video_inst/mmcm_adv_inst_display_clocks'
Finished Parsing XDC File [c:/Users/Grantham.Zimmerman/Desktop/ece383/ece383-lab1/ece383-lab1.gen/sources_1/ip/clk_wiz_0/clk_wiz_0/clk_wiz_0_in_context.xdc] for cell 'video_inst/mmcm_adv_inst_display_clocks'
Parsing XDC File [C:/Users/Grantham.Zimmerman/Desktop/ece383/ece383-lab1/ece383-lab1.srcs/constrs_1/imports/lab1_cadet_code/Lab1.xdc]
Finished Parsing XDC File [C:/Users/Grantham.Zimmerman/Desktop/ece383/ece383-lab1/ece383-lab1.srcs/constrs_1/imports/lab1_cadet_code/Lab1.xdc]
INFO: [Project 1-236] Implementation specific constraints were found while reading constraint file [C:/Users/Grantham.Zimmerman/Desktop/ece383/ece383-lab1/ece383-lab1.srcs/constrs_1/imports/lab1_cadet_code/Lab1.xdc]. These constraints will be ignored for synthesis but will be used in implementation. Impacted constraints are listed in the file [.Xil/lab1_propImpl.xdc].
Resolution: To avoid this warning, move constraints listed in [.Xil/lab1_propImpl.xdc] to another XDC file and exclude this new file from synthesis with the used_in_synthesis property (File Properties dialog in GUI) and re-run elaboration/synthesis.
Completed Processing XDC Constraints

Netlist sorting complete. Time (s): cpu = 00:00:00 ; elapsed = 00:00:00.001 . Memory (MB): peak = 1216.133 ; gain = 0.000
INFO: [Project 1-111] Unisim Transformation Summary:
  A total of 8 instances were transformed.
  OBUFDS => OBUFDS_DUAL_BUF (INV, OBUFDS(x2)): 4 instances
  ODDR2 => ODDR: 4 instances

Constraint Validation Runtime : Time (s): cpu = 00:00:00 ; elapsed = 00:00:00.004 . Memory (MB): peak = 1216.133 ; gain = 0.000
INFO: [Designutils 20-5440] No compile time benefit to using incremental synthesis; A full resynthesis will be run
INFO: [Designutils 20-4379] Flow is switching to default flow due to incremental criteria not met. If you would like to alter this behaviour and have the flow terminate instead, please set the following parameter config_implementation {autoIncr.Synth.RejectBehavior Terminate}
---------------------------------------------------------------------------------
Finished Constraint Validation : Time (s): cpu = 00:00:07 ; elapsed = 00:00:17 . Memory (MB): peak = 1216.133 ; gain = 673.121
---------------------------------------------------------------------------------
---------------------------------------------------------------------------------
Start Loading Part and Timing Information
---------------------------------------------------------------------------------
Loading part: xc7a200tsbg484-1
---------------------------------------------------------------------------------
Finished Loading Part and Timing Information : Time (s): cpu = 00:00:07 ; elapsed = 00:00:17 . Memory (MB): peak = 1216.133 ; gain = 673.121
---------------------------------------------------------------------------------
---------------------------------------------------------------------------------
Start Applying 'set_property' XDC Constraints
---------------------------------------------------------------------------------
Applied set_property IO_BUFFER_TYPE = NONE for clk. (constraint file  c:/Users/Grantham.Zimmerman/Desktop/ece383/ece383-lab1/ece383-lab1.gen/sources_1/ip/clk_wiz_0/clk_wiz_0/clk_wiz_0_in_context.xdc, line 5).
Applied set_property CLOCK_BUFFER_TYPE = NONE for clk. (constraint file  c:/Users/Grantham.Zimmerman/Desktop/ece383/ece383-lab1/ece383-lab1.gen/sources_1/ip/clk_wiz_0/clk_wiz_0/clk_wiz_0_in_context.xdc, line 6).
Applied set_property KEEP_HIERARCHY = SOFT for video_inst/mmcm_adv_inst_display_clocks. (constraint file  auto generated constraint).
---------------------------------------------------------------------------------
Finished applying 'set_property' XDC Constraints : Time (s): cpu = 00:00:07 ; elapsed = 00:00:17 . Memory (MB): peak = 1216.133 ; gain = 673.121
---------------------------------------------------------------------------------
---------------------------------------------------------------------------------
Finished RTL Optimization Phase 2 : Time (s): cpu = 00:00:07 ; elapsed = 00:00:17 . Memory (MB): peak = 1216.133 ; gain = 673.121
---------------------------------------------------------------------------------
---------------------------------------------------------------------------------
Start RTL Component Statistics 
---------------------------------------------------------------------------------
Detailed RTL Component Info : 
+---Adders : 
	   2 Input   10 Bit       Adders := 2     
	   8 Input    4 Bit       Adders := 3     
	   9 Input    4 Bit       Adders := 3     
	  11 Input    4 Bit       Adders := 3     
	   4 Input    4 Bit       Adders := 3     
	  10 Input    4 Bit       Adders := 3     
+---XORs : 
	   2 Input      1 Bit         XORs := 42    
+---Registers : 
	               10 Bit    Registers := 12    
	                4 Bit    Registers := 3     
	                1 Bit    Registers := 5     
+---Muxes : 
	   5 Input   24 Bit        Muxes := 1     
	   5 Input   10 Bit        Muxes := 6     
	   4 Input   10 Bit        Muxes := 3     
	   2 Input   10 Bit        Muxes := 9     
	   2 Input    9 Bit        Muxes := 6     
	   2 Input    4 Bit        Muxes := 9     
	   2 Input    1 Bit        Muxes := 5     
---------------------------------------------------------------------------------
Finished RTL Component Statistics 
---------------------------------------------------------------------------------
---------------------------------------------------------------------------------
Start Part Resource Summary
---------------------------------------------------------------------------------
Part Resources:
DSPs: 740 (col length:100)
BRAMs: 730 (col length: RAMB18 100 RAMB36 50)
---------------------------------------------------------------------------------
Finished Part Resource Summary
---------------------------------------------------------------------------------
---------------------------------------------------------------------------------
Start Cross Boundary and Area Optimization
---------------------------------------------------------------------------------
WARNING: [Synth 8-7080] Parallel synthesis criteria is not met
WARNING: [Synth 8-7129] Port btn[4] in module lab1 is either unconnected or has no load
WARNING: [Synth 8-7129] Port btn[3] in module lab1 is either unconnected or has no load
WARNING: [Synth 8-7129] Port btn[2] in module lab1 is either unconnected or has no load
WARNING: [Synth 8-7129] Port btn[1] in module lab1 is either unconnected or has no load
WARNING: [Synth 8-7129] Port btn[0] in module lab1 is either unconnected or has no load
WARNING: [Synth 8-7129] Port switch[1] in module lab1 is either unconnected or has no load
WARNING: [Synth 8-7129] Port switch[0] in module lab1 is either unconnected or has no load
---------------------------------------------------------------------------------
Finished Cross Boundary and Area Optimization : Time (s): cpu = 00:00:09 ; elapsed = 00:00:21 . Memory (MB): peak = 1216.133 ; gain = 673.121
---------------------------------------------------------------------------------
---------------------------------------------------------------------------------
Start Applying XDC Timing Constraints
---------------------------------------------------------------------------------
---------------------------------------------------------------------------------
Finished Applying XDC Timing Constraints : Time (s): cpu = 00:00:12 ; elapsed = 00:00:27 . Memory (MB): peak = 1312.934 ; gain = 769.922
---------------------------------------------------------------------------------
---------------------------------------------------------------------------------
Start Timing Optimization
---------------------------------------------------------------------------------
---------------------------------------------------------------------------------
Finished Timing Optimization : Time (s): cpu = 00:00:12 ; elapsed = 00:00:27 . Memory (MB): peak = 1333.430 ; gain = 790.418
---------------------------------------------------------------------------------
---------------------------------------------------------------------------------
Start Technology Mapping
---------------------------------------------------------------------------------
---------------------------------------------------------------------------------
Finished Technology Mapping : Time (s): cpu = 00:00:12 ; elapsed = 00:00:27 . Memory (MB): peak = 1343.219 ; gain = 800.207
---------------------------------------------------------------------------------
---------------------------------------------------------------------------------
Start IO Insertion
---------------------------------------------------------------------------------
---------------------------------------------------------------------------------
Start Flattening Before IO Insertion
---------------------------------------------------------------------------------
---------------------------------------------------------------------------------
Finished Flattening Before IO Insertion
---------------------------------------------------------------------------------
---------------------------------------------------------------------------------
Start Final Netlist Cleanup
---------------------------------------------------------------------------------
---------------------------------------------------------------------------------
Finished Final Netlist Cleanup
---------------------------------------------------------------------------------
---------------------------------------------------------------------------------
Finished IO Insertion : Time (s): cpu = 00:00:13 ; elapsed = 00:00:31 . Memory (MB): peak = 1539.613 ; gain = 996.602
---------------------------------------------------------------------------------
---------------------------------------------------------------------------------
Start Renaming Generated Instances
---------------------------------------------------------------------------------
---------------------------------------------------------------------------------
Finished Renaming Generated Instances : Time (s): cpu = 00:00:13 ; elapsed = 00:00:31 . Memory (MB): peak = 1539.613 ; gain = 996.602
---------------------------------------------------------------------------------
---------------------------------------------------------------------------------
Start Rebuilding User Hierarchy
---------------------------------------------------------------------------------
---------------------------------------------------------------------------------
Finished Rebuilding User Hierarchy : Time (s): cpu = 00:00:13 ; elapsed = 00:00:31 . Memory (MB): peak = 1539.613 ; gain = 996.602
---------------------------------------------------------------------------------
---------------------------------------------------------------------------------
Start Renaming Generated Ports
---------------------------------------------------------------------------------
---------------------------------------------------------------------------------
Finished Renaming Generated Ports : Time (s): cpu = 00:00:13 ; elapsed = 00:00:31 . Memory (MB): peak = 1539.613 ; gain = 996.602
---------------------------------------------------------------------------------
---------------------------------------------------------------------------------
Start Handling Custom Attributes
---------------------------------------------------------------------------------
---------------------------------------------------------------------------------
Finished Handling Custom Attributes : Time (s): cpu = 00:00:13 ; elapsed = 00:00:31 . Memory (MB): peak = 1539.613 ; gain = 996.602
---------------------------------------------------------------------------------
---------------------------------------------------------------------------------
Start Renaming Generated Nets
---------------------------------------------------------------------------------
---------------------------------------------------------------------------------
Finished Renaming Generated Nets : Time (s): cpu = 00:00:13 ; elapsed = 00:00:31 . Memory (MB): peak = 1539.613 ; gain = 996.602
---------------------------------------------------------------------------------
---------------------------------------------------------------------------------
Start Writing Synthesis Report
---------------------------------------------------------------------------------

Report BlackBoxes: 
+------+--------------+----------+
|      |BlackBox name |Instances |
+------+--------------+----------+
|1     |clk_wiz_0     |         1|
+------+--------------+----------+

Report Cell Usage: 
+------+---------------+------+
|      |Cell           |Count |
+------+---------------+------+
|1     |clk_wiz_0_bbox |     1|
|2     |LUT1           |     2|
|3     |LUT2           |    29|
|4     |LUT3           |    21|
|5     |LUT4           |    18|
|6     |LUT5           |    15|
|7     |LUT6           |    14|
|8     |ODDR2          |     4|
|9     |FDRE           |    86|
|10    |FDSE           |    15|
|11    |IBUF           |     1|
|12    |OBUFDS         |     4|
+------+---------------+------+
---------------------------------------------------------------------------------
Finished Writing Synthesis Report : Time (s): cpu = 00:00:13 ; elapsed = 00:00:31 . Memory (MB): peak = 1539.613 ; gain = 996.602
---------------------------------------------------------------------------------
Synthesis finished with 0 errors, 0 critical warnings and 8 warnings.
Synthesis Optimization Runtime : Time (s): cpu = 00:00:10 ; elapsed = 00:00:28 . Memory (MB): peak = 1539.613 ; gain = 902.188
Synthesis Optimization Complete : Time (s): cpu = 00:00:14 ; elapsed = 00:00:31 . Memory (MB): peak = 1539.613 ; gain = 996.602
INFO: [Project 1-571] Translating synthesized netlist
Netlist sorting complete. Time (s): cpu = 00:00:00 ; elapsed = 00:00:00.002 . Memory (MB): peak = 1539.613 ; gain = 0.000
INFO: [Netlist 29-17] Analyzing 8 Unisim elements for replacement
WARNING: [Netlist 29-151] Pin 'C1' on instance 'video_inst/inst_dvid/ODDR2_blue' of cell type 'ODDR2' does not have an equivalent function on the new cell type 'ODDR'. Net 'clk_out3' that is connected to this pin will not be connected to the replacement instance.
WARNING: [Netlist 29-151] Pin 'C1' on instance 'video_inst/inst_dvid/ODDR2_clock' of cell type 'ODDR2' does not have an equivalent function on the new cell type 'ODDR'. Net 'clk_out3' that is connected to this pin will not be connected to the replacement instance.
WARNING: [Netlist 29-151] Pin 'C1' on instance 'video_inst/inst_dvid/ODDR2_green' of cell type 'ODDR2' does not have an equivalent function on the new cell type 'ODDR'. Net 'clk_out3' that is connected to this pin will not be connected to the replacement instance.
WARNING: [Netlist 29-151] Pin 'C1' on instance 'video_inst/inst_dvid/ODDR2_red' of cell type 'ODDR2' does not have an equivalent function on the new cell type 'ODDR'. Net 'clk_out3' that is connected to this pin will not be connected to the replacement instance.
INFO: [Netlist 29-28] Unisim Transformation completed in 0 CPU seconds
INFO: [Project 1-570] Preparing netlist for logic optimization
INFO: [Opt 31-138] Pushed 0 inverter(s) to 0 load pin(s).
Netlist sorting complete. Time (s): cpu = 00:00:00 ; elapsed = 00:00:00 . Memory (MB): peak = 1539.613 ; gain = 0.000
INFO: [Project 1-111] Unisim Transformation Summary:
  A total of 8 instances were transformed.
  OBUFDS => OBUFDS_DUAL_BUF (INV, OBUFDS(x2)): 4 instances
  ODDR2 => ODDR: 4 instances

Synth Design complete | Checksum: a64879de
INFO: [Common 17-83] Releasing license: Synthesis
60 Infos, 48 Warnings, 0 Critical Warnings and 0 Errors encountered.
synth_design completed successfully
synth_design: Time (s): cpu = 00:00:16 ; elapsed = 00:00:55 . Memory (MB): peak = 1539.613 ; gain = 1236.484
Write ShapeDB Complete: Time (s): cpu = 00:00:00 ; elapsed = 00:00:00.001 . Memory (MB): peak = 1539.613 ; gain = 0.000
INFO: [Common 17-1381] The checkpoint 'C:/Users/Grantham.Zimmerman/Desktop/ece383/ece383-lab1/ece383-lab1.runs/synth_1/lab1.dcp' has been generated.
INFO: [Vivado 12-24828] Executing command : report_utilization -file lab1_utilization_synth.rpt -pb lab1_utilization_synth.pb
INFO: [Common 17-206] Exiting Vivado at Mon Jan 27 21:56:46 2025...
