#-----------------------------------------------------------
# Vivado v2024.2 (64-bit)
# SW Build 5239630 on Fri Nov 08 22:35:27 MST 2024
# IP Build 5239520 on Sun Nov 10 16:12:51 MST 2024
# SharedData Build 5239561 on Fri Nov 08 14:39:27 MST 2024
# Start of session at: Tue Feb  4 09:08:43 2025
# Process ID         : 24236
# Current directory  : C:/Users/Grantham.Zimmerman/Desktop/ece383/DAISY
# Command line       : vivado.exe -gui_launcher_event rodinguilauncherevent28276 C:\Users\Grantham.Zimmerman\Desktop\ece383\DAISY\DAISY.xpr
# Log file           : C:/Users/Grantham.Zimmerman/Desktop/ece383/DAISY/vivado.log
# Journal file       : C:/Users/Grantham.Zimmerman/Desktop/ece383/DAISY\vivado.jou
# Running On         : C26-5CG2151LB4
# Platform           : Windows Server 2016 or Windows 10
# Operating System   : 22631
# Processor Detail   : 11th Gen Intel(R) Core(TM) i7-1165G7 @ 2.80GHz
# CPU Frequency      : 2803 MHz
# CPU Physical cores : 4
# CPU Logical cores  : 8
# Host memory        : 16425 MB
# Swap memory        : 6710 MB
# Total Virtual      : 23136 MB
# Available Virtual  : 5209 MB
#-----------------------------------------------------------
start_gui
open_project C:/Users/Grantham.Zimmerman/Desktop/ece383/DAISY/DAISY.xpr
INFO: [Project 1-313] Project file moved from 'C:/383/DAISY' since last save.
WARNING: [filemgmt 56-2] Board Part Repository Path: Could not find the directory 'C:/Users/Grantham.Zimmerman/Desktop/Users/james.trimble/AppData/Roaming/Xilinx/Vivado/2024.1/xhub/board_store/xilinx_board_store', nor could it be found using path 'C:/Users/james.trimble/AppData/Roaming/Xilinx/Vivado/2024.1/xhub/board_store/xilinx_board_store'.
INFO: [filemgmt 56-3] Default IP Output Path : Could not find the directory 'C:/Users/Grantham.Zimmerman/Desktop/ece383/DAISY/DAISY.gen/sources_1'.
Scanning sources...
Finished scanning sources
INFO: [Project 1-230] Project 'DAISY.xpr' upgraded for this version of Vivado.
INFO: [IP_Flow 19-234] Refreshing IP repositories
INFO: [IP_Flow 19-1704] No user IP repositories specified
INFO: [IP_Flow 19-2313] Loaded Vivado IP repository 'C:/Xilinx/Vivado/2024.2/data/ip'.
update_compile_order -fileset sources_1
exit
INFO: [Common 17-206] Exiting Vivado at Tue Feb  4 09:21:26 2025...
